<?xml version="1.0" encoding="UTF-8"?>
<testsuite xmlns:xsi="http://www.w3.org/2001/XMLSchema-instance" xsi:noNamespaceSchemaLocation="https://maven.apache.org/surefire/maven-surefire-plugin/xsd/surefire-test-report.xsd" name="com.tddExercises.mavenproject.AppTest" time="0.043" tests="4" errors="0" skipped="0" failures="0">
  <properties>
[...]
</properties>
  <testcase name="testUpperCaseAlg" classname="com.tddExercises.mavenproject.AppTest" time="0.028"/>
  <testcase name="testUpperCaseAlgExtra1" classname="com.tddExercises.mavenproject.AppTest" time="0.001"/>
  <testcase name="testUpperCaseAlgExtra2" classname="com.tddExercises.mavenproject.AppTest" time="0.002"/>
  <testcase name="testMultipleAlgs" classname="com.tddExercises.mavenproject.AppTest" time="0.002"/>
</testsuite>